<?xml version="1.0" encoding="UTF-8"?>
<testsuite name="com.min.meow.comment.service.CommentServiceImplTest" tests="3" skipped="0" failures="1" errors="0" timestamp="2025-08-02T04:44:31.496Z" hostname="DESKTOP-U6CF5AQ" time="0.161">
  <properties/>
  <testcase name="댓글을 삭제한다." classname="com.min.meow.comment.service.CommentServiceImplTest" time="0.138"/>
  <testcase name="댓글을 작성한다." classname="com.min.meow.comment.service.CommentServiceImplTest" time="0.006">
    <failure message="java.lang.NullPointerException: Cannot invoke &quot;java.util.List.add(Object)&quot; because the return value of &quot;com.min.meow.post.entity.LostCatPost.getComments()&quot; is null" type="java.lang.NullPointerException">java.lang.NullPointerException: Cannot invoke &quot;java.util.List.add(Object)&quot; because the return value of &quot;com.min.meow.post.entity.LostCatPost.getComments()&quot; is null
	at com.min.meow.post.comment.service.impl.CommentServiceImpl.registerLostCatPostComment(CommentServiceImpl.java:42)
	at com.min.meow.comment.service.CommentServiceImplTest.registerLostCatPostComment(CommentServiceImplTest.java:51)
	at java.base/java.lang.reflect.Method.invoke(Method.java:568)
	at java.base/java.util.ArrayList.forEach(ArrayList.java:1511)
	at java.base/java.util.ArrayList.forEach(ArrayList.java:1511)
</failure>
  </testcase>
  <testcase name="댓글을 수정한다." classname="com.min.meow.comment.service.CommentServiceImplTest" time="0.016"/>
  <system-out><![CDATA[]]></system-out>
  <system-err><![CDATA[]]></system-err>
</testsuite>
