<?xml version="1.0" encoding="UTF-8"?>
<testsuite name="com.min.meow.MeowApplicationTests" tests="1" skipped="0" failures="0" errors="0" timestamp="2025-08-02T04:44:30.234Z" hostname="DESKTOP-U6CF5AQ" time="0.667">
  <properties/>
  <testcase name="contextLoads()" classname="com.min.meow.MeowApplicationTests" time="0.667"/>
  <system-out><![CDATA[13:44:18.839 [Test worker] INFO org.springframework.test.context.support.AnnotationConfigContextLoaderUtils -- Could not detect default configuration classes for test class [com.min.meow.MeowApplicationTests]: MeowApplicationTests does not declare any static, non-private, non-final, nested classes annotated with @Configuration.
13:44:19.069 [Test worker] INFO org.springframework.boot.test.context.SpringBootTestContextBootstrapper -- Found @SpringBootConfiguration com.min.meow.MeowApplication for test class com.min.meow.MeowApplicationTests

  .   ____          _            __ _ _
 /\\ / ___'_ __ _ _(_)_ __  __ _ \ \ \ \
( ( )\___ | '_ | '_| | '_ \/ _` | \ \ \ \
 \\/  ___)| |_)| | | | | || (_| |  ) ) ) )
  '  |____| .__|_| |_|_| |_\__, | / / / /
 =========|_|==============|___/=/_/_/_/

 :: Spring Boot ::                (v3.4.5)

2025-08-02T13:44:19.891+09:00  INFO 26220 --- [meow] [    Test worker] com.min.meow.MeowApplicationTests        : Starting MeowApplicationTests using Java 17.0.12 with PID 26220 (started by user in C:\Users\user\Desktop\meow\api)
2025-08-02T13:44:19.893+09:00  INFO 26220 --- [meow] [    Test worker] com.min.meow.MeowApplicationTests        : No active profile set, falling back to 1 default profile: "default"
2025-08-02T13:44:21.435+09:00  INFO 26220 --- [meow] [    Test worker] .s.d.r.c.RepositoryConfigurationDelegate : Multiple Spring Data modules found, entering strict repository configuration mode
2025-08-02T13:44:21.438+09:00  INFO 26220 --- [meow] [    Test worker] .s.d.r.c.RepositoryConfigurationDelegate : Bootstrapping Spring Data JPA repositories in DEFAULT mode.
2025-08-02T13:44:21.789+09:00  INFO 26220 --- [meow] [    Test worker] .s.d.r.c.RepositoryConfigurationDelegate : Finished Spring Data repository scanning in 336 ms. Found 7 JPA repository interfaces.
2025-08-02T13:44:22.667+09:00  INFO 26220 --- [meow] [    Test worker] o.hibernate.jpa.internal.util.LogHelper  : HHH000204: Processing PersistenceUnitInfo [name: default]
2025-08-02T13:44:22.778+09:00  INFO 26220 --- [meow] [    Test worker] org.hibernate.Version                    : HHH000412: Hibernate ORM core version 6.6.13.Final
2025-08-02T13:44:22.843+09:00  INFO 26220 --- [meow] [    Test worker] o.h.c.internal.RegionFactoryInitiator    : HHH000026: Second-level cache disabled
2025-08-02T13:44:23.391+09:00  INFO 26220 --- [meow] [    Test worker] o.s.o.j.p.SpringPersistenceUnitInfo      : No LoadTimeWeaver setup: ignoring JPA class transformer
2025-08-02T13:44:23.450+09:00  INFO 26220 --- [meow] [    Test worker] com.zaxxer.hikari.HikariDataSource       : HikariPool-1 - Starting...
2025-08-02T13:44:23.969+09:00  INFO 26220 --- [meow] [    Test worker] com.zaxxer.hikari.pool.HikariPool        : HikariPool-1 - Added connection com.mysql.cj.jdbc.ConnectionImpl@35cf91df
2025-08-02T13:44:23.972+09:00  INFO 26220 --- [meow] [    Test worker] com.zaxxer.hikari.HikariDataSource       : HikariPool-1 - Start completed.
2025-08-02T13:44:24.085+09:00  INFO 26220 --- [meow] [    Test worker] org.hibernate.orm.connections.pooling    : HHH10001005: Database info:
	Database JDBC URL [Connecting through datasource 'HikariDataSource (HikariPool-1)']
	Database driver: undefined/unknown
	Database version: 8.0.40
	Autocommit mode: undefined/unknown
	Isolation level: undefined/unknown
	Minimum pool size: undefined/unknown
	Maximum pool size: undefined/unknown
2025-08-02T13:44:25.437+09:00  INFO 26220 --- [meow] [    Test worker] o.h.m.i.EntityInstantiatorPojoStandard   : HHH000182: No default (no-argument) constructor for class: com.min.meow.user.entity.RefreshToken (class must be instantiated by Interceptor)
2025-08-02T13:44:25.760+09:00  INFO 26220 --- [meow] [    Test worker] o.h.e.t.j.p.i.JtaPlatformInitiator       : HHH000489: No JTA platform available (set 'hibernate.transaction.jta.platform' to enable JTA platform integration)
2025-08-02T13:44:25.897+09:00  INFO 26220 --- [meow] [    Test worker] j.LocalContainerEntityManagerFactoryBean : Initialized JPA EntityManagerFactory for persistence unit 'default'
2025-08-02T13:44:26.640+09:00  INFO 26220 --- [meow] [    Test worker] o.s.d.j.r.query.QueryEnhancerFactory     : Hibernate is in classpath; If applicable, HQL parser will be used.
2025-08-02T13:44:28.242+09:00  WARN 26220 --- [meow] [    Test worker] JpaBaseConfiguration$JpaWebConfiguration : spring.jpa.open-in-view is enabled by default. Therefore, database queries may be performed during view rendering. Explicitly configure spring.jpa.open-in-view to disable this warning
2025-08-02T13:44:28.287+09:00  INFO 26220 --- [meow] [    Test worker] r$InitializeUserDetailsManagerConfigurer : Global AuthenticationManager configured with UserDetailsService bean with name customUserDetailService
2025-08-02T13:44:28.705+09:00  WARN 26220 --- [meow] [    Test worker] thorizationManagerRequestMatcherRegistry : One of the patterns in [api/users/**, api/meow/lost-cat/**, api/meow/boast-cat/**, api/user/reissue, api/notice, /swagger-ui/**, /v3/api-docs/**, /swagger-resources/**, /webjars/**] is missing a leading slash. This is discouraged; please include the leading slash in all your request matcher patterns. In future versions of Spring Security, leaving out the leading slash will result in an exception.
2025-08-02T13:44:29.866+09:00  INFO 26220 --- [meow] [    Test worker] o.a.k.clients.consumer.ConsumerConfig    : ConsumerConfig values: 
	allow.auto.create.topics = true
	auto.commit.interval.ms = 5000
	auto.include.jmx.reporter = true
	auto.offset.reset = latest
	bootstrap.servers = [localhost:9092]
	check.crcs = true
	client.dns.lookup = use_all_dns_ips
	client.id = consumer-meow-1
	client.rack = 
	connections.max.idle.ms = 540000
	default.api.timeout.ms = 60000
	enable.auto.commit = false
	enable.metrics.push = true
	exclude.internal.topics = true
	fetch.max.bytes = 52428800
	fetch.max.wait.ms = 500
	fetch.min.bytes = 1
	group.id = meow
	group.instance.id = null
	group.protocol = classic
	group.remote.assignor = null
	heartbeat.interval.ms = 3000
	interceptor.classes = []
	internal.leave.group.on.close = true
	internal.throw.on.fetch.stable.offset.unsupported = false
	isolation.level = read_uncommitted
	key.deserializer = class org.apache.kafka.common.serialization.StringDeserializer
	max.partition.fetch.bytes = 1048576
	max.poll.interval.ms = 300000
	max.poll.records = 500
	metadata.max.age.ms = 300000
	metadata.recovery.strategy = none
	metric.reporters = []
	metrics.num.samples = 2
	metrics.recording.level = INFO
	metrics.sample.window.ms = 30000
	partition.assignment.strategy = [class org.apache.kafka.clients.consumer.RangeAssignor, class org.apache.kafka.clients.consumer.CooperativeStickyAssignor]
	receive.buffer.bytes = 65536
	reconnect.backoff.max.ms = 1000
	reconnect.backoff.ms = 50
	request.timeout.ms = 30000
	retry.backoff.max.ms = 1000
	retry.backoff.ms = 100
	sasl.client.callback.handler.class = null
	sasl.jaas.config = null
	sasl.kerberos.kinit.cmd = /usr/bin/kinit
	sasl.kerberos.min.time.before.relogin = 60000
	sasl.kerberos.service.name = null
	sasl.kerberos.ticket.renew.jitter = 0.05
	sasl.kerberos.ticket.renew.window.factor = 0.8
	sasl.login.callback.handler.class = null
	sasl.login.class = null
	sasl.login.connect.timeout.ms = null
	sasl.login.read.timeout.ms = null
	sasl.login.refresh.buffer.seconds = 300
	sasl.login.refresh.min.period.seconds = 60
	sasl.login.refresh.window.factor = 0.8
	sasl.login.refresh.window.jitter = 0.05
	sasl.login.retry.backoff.max.ms = 10000
	sasl.login.retry.backoff.ms = 100
	sasl.mechanism = GSSAPI
	sasl.oauthbearer.clock.skew.seconds = 30
	sasl.oauthbearer.expected.audience = null
	sasl.oauthbearer.expected.issuer = null
	sasl.oauthbearer.jwks.endpoint.refresh.ms = 3600000
	sasl.oauthbearer.jwks.endpoint.retry.backoff.max.ms = 10000
	sasl.oauthbearer.jwks.endpoint.retry.backoff.ms = 100
	sasl.oauthbearer.jwks.endpoint.url = null
	sasl.oauthbearer.scope.claim.name = scope
	sasl.oauthbearer.sub.claim.name = sub
	sasl.oauthbearer.token.endpoint.url = null
	security.protocol = PLAINTEXT
	security.providers = null
	send.buffer.bytes = 131072
	session.timeout.ms = 45000
	socket.connection.setup.timeout.max.ms = 30000
	socket.connection.setup.timeout.ms = 10000
	ssl.cipher.suites = null
	ssl.enabled.protocols = [TLSv1.2, TLSv1.3]
	ssl.endpoint.identification.algorithm = https
	ssl.engine.factory.class = null
	ssl.key.password = null
	ssl.keymanager.algorithm = SunX509
	ssl.keystore.certificate.chain = null
	ssl.keystore.key = null
	ssl.keystore.location = null
	ssl.keystore.password = null
	ssl.keystore.type = JKS
	ssl.protocol = TLSv1.3
	ssl.provider = null
	ssl.secure.random.implementation = null
	ssl.trustmanager.algorithm = PKIX
	ssl.truststore.certificates = null
	ssl.truststore.location = null
	ssl.truststore.password = null
	ssl.truststore.type = JKS
	value.deserializer = class org.springframework.kafka.support.serializer.JsonDeserializer

2025-08-02T13:44:29.944+09:00  INFO 26220 --- [meow] [    Test worker] o.a.k.c.t.i.KafkaMetricsCollector        : initializing Kafka metrics collector
2025-08-02T13:44:30.171+09:00  INFO 26220 --- [meow] [    Test worker] o.a.kafka.common.utils.AppInfoParser     : Kafka version: 3.8.1
2025-08-02T13:44:30.171+09:00  INFO 26220 --- [meow] [    Test worker] o.a.kafka.common.utils.AppInfoParser     : Kafka commitId: 70d6ff42debf7e17
2025-08-02T13:44:30.171+09:00  INFO 26220 --- [meow] [    Test worker] o.a.kafka.common.utils.AppInfoParser     : Kafka startTimeMs: 1754109870169
2025-08-02T13:44:30.179+09:00  INFO 26220 --- [meow] [    Test worker] o.a.k.c.c.internals.LegacyKafkaConsumer  : [Consumer clientId=consumer-meow-1, groupId=meow] Subscribed to topic(s): lost-cat-topic
2025-08-02T13:44:30.208+09:00  INFO 26220 --- [meow] [    Test worker] com.min.meow.MeowApplicationTests        : Started MeowApplicationTests in 10.909 seconds (process running for 12.887)
2025-08-02T13:44:30.565+09:00  INFO 26220 --- [meow] [ntainer#0-0-C-1] org.apache.kafka.clients.NetworkClient   : [Consumer clientId=consumer-meow-1, groupId=meow] Node -1 disconnected.
2025-08-02T13:44:30.568+09:00  WARN 26220 --- [meow] [ntainer#0-0-C-1] org.apache.kafka.clients.NetworkClient   : [Consumer clientId=consumer-meow-1, groupId=meow] Connection to node -1 (localhost/127.0.0.1:9092) could not be established. Node may not be available.
2025-08-02T13:44:30.568+09:00  WARN 26220 --- [meow] [ntainer#0-0-C-1] org.apache.kafka.clients.NetworkClient   : [Consumer clientId=consumer-meow-1, groupId=meow] Bootstrap broker localhost:9092 (id: -1 rack: null) disconnected
2025-08-02T13:44:30.663+09:00  INFO 26220 --- [meow] [ntainer#0-0-C-1] org.apache.kafka.clients.NetworkClient   : [Consumer clientId=consumer-meow-1, groupId=meow] Node -1 disconnected.
2025-08-02T13:44:30.663+09:00  WARN 26220 --- [meow] [ntainer#0-0-C-1] org.apache.kafka.clients.NetworkClient   : [Consumer clientId=consumer-meow-1, groupId=meow] Connection to node -1 (localhost/127.0.0.1:9092) could not be established. Node may not be available.
2025-08-02T13:44:30.663+09:00  WARN 26220 --- [meow] [ntainer#0-0-C-1] org.apache.kafka.clients.NetworkClient   : [Consumer clientId=consumer-meow-1, groupId=meow] Bootstrap broker localhost:9092 (id: -1 rack: null) disconnected
2025-08-02T13:44:30.807+09:00  INFO 26220 --- [meow] [ntainer#0-0-C-1] org.apache.kafka.clients.NetworkClient   : [Consumer clientId=consumer-meow-1, groupId=meow] Node -1 disconnected.
2025-08-02T13:44:30.808+09:00  WARN 26220 --- [meow] [ntainer#0-0-C-1] org.apache.kafka.clients.NetworkClient   : [Consumer clientId=consumer-meow-1, groupId=meow] Connection to node -1 (localhost/127.0.0.1:9092) could not be established. Node may not be available.
2025-08-02T13:44:30.808+09:00  WARN 26220 --- [meow] [ntainer#0-0-C-1] org.apache.kafka.clients.NetworkClient   : [Consumer clientId=consumer-meow-1, groupId=meow] Bootstrap broker localhost:9092 (id: -1 rack: null) disconnected
]]></system-out>
  <system-err><![CDATA[]]></system-err>
</testsuite>
