<?xml version="1.0" encoding="UTF-8"?>
<testsuite name="com.min.meow.boastcatpost.service.BoastCatPostSearchServiceTest" tests="4" skipped="0" failures="3" errors="0" timestamp="2025-08-02T04:44:30.914Z" hostname="DESKTOP-U6CF5AQ" time="0.58">
  <properties/>
  <testcase name="모든 고양이 자랑글을 조회한다." classname="com.min.meow.boastcatpost.service.BoastCatPostSearchServiceTest" time="0.553"/>
  <testcase name="고양이 자랑글을 생성한다." classname="com.min.meow.boastcatpost.service.BoastCatPostSearchServiceTest" time="0.016">
    <failure message="java.lang.NullPointerException: Cannot invoke &quot;com.min.meow.user.repository.UserRepository.findByLoginId(String)&quot; because &quot;this.userRepository&quot; is null" type="java.lang.NullPointerException">java.lang.NullPointerException: Cannot invoke &quot;com.min.meow.user.repository.UserRepository.findByLoginId(String)&quot; because &quot;this.userRepository&quot; is null
	at com.min.meow.post.service.impl.BoastCatPostServiceImpl.createBoastCatPost(BoastCatPostServiceImpl.java:53)
	at com.min.meow.boastcatpost.service.BoastCatPostSearchServiceTest.createBoastCatPost(BoastCatPostSearchServiceTest.java:74)
	at java.base/java.lang.reflect.Method.invoke(Method.java:568)
	at java.base/java.util.ArrayList.forEach(ArrayList.java:1511)
	at java.base/java.util.ArrayList.forEach(ArrayList.java:1511)
</failure>
  </testcase>
  <testcase name="고양이 자랑글을 삭제를 한다." classname="com.min.meow.boastcatpost.service.BoastCatPostSearchServiceTest" time="0.003">
    <failure message="java.lang.NullPointerException: Cannot invoke &quot;com.min.meow.user.repository.UserRepository.findByLoginId(String)&quot; because &quot;this.userRepository&quot; is null" type="java.lang.NullPointerException">java.lang.NullPointerException: Cannot invoke &quot;com.min.meow.user.repository.UserRepository.findByLoginId(String)&quot; because &quot;this.userRepository&quot; is null
	at com.min.meow.post.service.impl.BoastCatPostServiceImpl.deleteBoastCatPost(BoastCatPostServiceImpl.java:86)
	at com.min.meow.boastcatpost.service.BoastCatPostSearchServiceTest.deleteBoastCatPost(BoastCatPostSearchServiceTest.java:117)
	at java.base/java.lang.reflect.Method.invoke(Method.java:568)
	at java.base/java.util.ArrayList.forEach(ArrayList.java:1511)
	at java.base/java.util.ArrayList.forEach(ArrayList.java:1511)
</failure>
  </testcase>
  <testcase name="고양이 자랑글을 수정 한다." classname="com.min.meow.boastcatpost.service.BoastCatPostSearchServiceTest" time="0.004">
    <failure message="java.lang.NullPointerException: Cannot invoke &quot;com.min.meow.user.repository.UserRepository.findByLoginId(String)&quot; because &quot;this.userRepository&quot; is null" type="java.lang.NullPointerException">java.lang.NullPointerException: Cannot invoke &quot;com.min.meow.user.repository.UserRepository.findByLoginId(String)&quot; because &quot;this.userRepository&quot; is null
	at com.min.meow.post.service.impl.BoastCatPostServiceImpl.updateBoastCatPost(BoastCatPostServiceImpl.java:68)
	at com.min.meow.boastcatpost.service.BoastCatPostSearchServiceTest.updateBoastCatPost(BoastCatPostSearchServiceTest.java:99)
	at java.base/java.lang.reflect.Method.invoke(Method.java:568)
	at java.base/java.util.ArrayList.forEach(ArrayList.java:1511)
	at java.base/java.util.ArrayList.forEach(ArrayList.java:1511)
</failure>
  </testcase>
  <system-out><![CDATA[2025-08-02T13:44:30.991+09:00  INFO 26220 --- [meow] [ntainer#0-0-C-1] org.apache.kafka.clients.NetworkClient   : [Consumer clientId=consumer-meow-1, groupId=meow] Node -1 disconnected.
2025-08-02T13:44:30.991+09:00  WARN 26220 --- [meow] [ntainer#0-0-C-1] org.apache.kafka.clients.NetworkClient   : [Consumer clientId=consumer-meow-1, groupId=meow] Connection to node -1 (localhost/127.0.0.1:9092) could not be established. Node may not be available.
2025-08-02T13:44:30.991+09:00  WARN 26220 --- [meow] [ntainer#0-0-C-1] org.apache.kafka.clients.NetworkClient   : [Consumer clientId=consumer-meow-1, groupId=meow] Bootstrap broker localhost:9092 (id: -1 rack: null) disconnected
2025-08-02T13:44:31.389+09:00  INFO 26220 --- [meow] [ntainer#0-0-C-1] org.apache.kafka.clients.NetworkClient   : [Consumer clientId=consumer-meow-1, groupId=meow] Node -1 disconnected.
2025-08-02T13:44:31.389+09:00  WARN 26220 --- [meow] [ntainer#0-0-C-1] org.apache.kafka.clients.NetworkClient   : [Consumer clientId=consumer-meow-1, groupId=meow] Connection to node -1 (localhost/127.0.0.1:9092) could not be established. Node may not be available.
2025-08-02T13:44:31.390+09:00  WARN 26220 --- [meow] [ntainer#0-0-C-1] org.apache.kafka.clients.NetworkClient   : [Consumer clientId=consumer-meow-1, groupId=meow] Bootstrap broker localhost:9092 (id: -1 rack: null) disconnected
]]></system-out>
  <system-err><![CDATA[]]></system-err>
</testsuite>
